{"name": "test_add_employee", "status": "broken", "statusDetails": {"message": "selenium.common.exceptions.NoSuchWindowException: Message: no such window: target window already closed\nfrom unknown error: web view not found\n  (Session info: chrome=132.0.6834.160)\nStacktrace:\n\tGetHandleVerifier [0x00BA74A3+25091]\n\t(No symbol) [0x00B2DC04]\n\t(No symbol) [0x00A0B373]\n\t(No symbol) [0x009ECEDB]\n\t(No symbol) [0x00A77FAF]\n\t(No symbol) [0x00A8ADC9]\n\t(No symbol) [0x00A71CA6]\n\t(No symbol) [0x00A431D5]\n\t(No symbol) [0x00A4435D]\n\tGetHandleVerifier [0x00EA07C3+3142947]\n\tGetHandleVerifier [0x00EB1A2B+3213195]\n\tGetHandleVerifier [0x00EAC412+3191154]\n\tGetHandleVerifier [0x00C48720+685184]\n\t(No symbol) [0x00B36E1D]\n\t(No symbol) [0x00B33E18]\n\t(No symbol) [0x00B33FB6]\n\t(No symbol) [0x00B266F0]\n\tBaseThreadInitThunk [0x75885D49+25]\n\tRtlInitializeExceptionChain [0x779CCDEB+107]\n\tRtlGetAppContainerNamedObjectPath [0x779CCD71+561]", "trace": "browser = <selenium.webdriver.chrome.webdriver.WebDriver (session=\"f5d8b35e3d9139fef467bb6fe095982c\")>, employee_id = {'id': None}\n\n    @allure.feature(\"Add Employee\")\n    @allure.story(\"Add Employee\")\n    @allure.severity(allure.severity_level.CRITICAL)\n    def test_add_employee(browser, employee_id):\n        login_page = LoginPage(browser)\n        side_bar = SideBar(browser)\n        pim_page = PimPage(browser)\n        add_employee_page = AddEmployeePage(browser)\n        employee_list_page = EmployeeListPage(browser)\n    \n        with allure.step(\"Open the login page\"):\n            login_page.open()\n        with allure.step(\"Enter credentials and login\"):\n>           login_page.enter_username(\"Admin\")\n\ntest_add_employee.py:27: \n_ _ _ _ _ _ _ _ _ _ _ _ _ _ _ _ _ _ _ _ _ _ _ _ _ _ _ _ _ _ _ _ _ _ _ _ _ _ _ _ _ _ _ _ _ _ _ _ _ _ _ _ _ _ _ _ _ _ _ _ _ _ _ _ _ _ _ _ _ _ _ _ _ _ _ _ _ _ _ _ _ _ _ _ _ _ _ _ _ _ _ _ _ _ _ _ _ _ _ _ _ _ _ _ _ _ _ _ _ _ _ _ _ _\n..\\pages\\login_page.py:17: in enter_username\n    self.enter_text(LOGIN_INPUT_FIELD, username)\n..\\pages\\base_page.py:24: in enter_text\n    element = self.find_element(locator, timeout)\n..\\pages\\base_page.py:13: in find_element\n    return WebDriverWait(self.browser, timeout).until(\n..\\.venv\\Lib\\site-packages\\selenium\\webdriver\\support\\wait.py:96: in until\n    value = method(self._driver)\n..\\.venv\\Lib\\site-packages\\selenium\\webdriver\\support\\expected_conditions.py:84: in _predicate\n    return driver.find_element(*locator)\n..\\.venv\\Lib\\site-packages\\selenium\\webdriver\\remote\\webdriver.py:770: in find_element\n    return self.execute(Command.FIND_ELEMENT, {\"using\": by, \"value\": value})[\"value\"]\n..\\.venv\\Lib\\site-packages\\selenium\\webdriver\\remote\\webdriver.py:384: in execute\n    self.error_handler.check_response(response)\n_ _ _ _ _ _ _ _ _ _ _ _ _ _ _ _ _ _ _ _ _ _ _ _ _ _ _ _ _ _ _ _ _ _ _ _ _ _ _ _ _ _ _ _ _ _ _ _ _ _ _ _ _ _ _ _ _ _ _ _ _ _ _ _ _ _ _ _ _ _ _ _ _ _ _ _ _ _ _ _ _ _ _ _ _ _ _ _ _ _ _ _ _ _ _ _ _ _ _ _ _ _ _ _ _ _ _ _ _ _ _ _ _ _\n\nself = <selenium.webdriver.remote.errorhandler.ErrorHandler object at 0x000001EECBDAF8F0>\nresponse = {'status': 404, 'value': '{\"value\":{\"error\":\"no such window\",\"message\":\"no such window: target window already closed\\\\...9+25]\\\\n\\\\tRtlInitializeExceptionChain [0x779CCDEB+107]\\\\n\\\\tRtlGetAppContainerNamedObjectPath [0x779CCD71+561]\\\\n\"}}'}\n\n    def check_response(self, response: Dict[str, Any]) -> None:\n        \"\"\"Checks that a JSON response from the WebDriver does not have an\n        error.\n    \n        :Args:\n         - response - The JSON response from the WebDriver server as a dictionary\n           object.\n    \n        :Raises: If the response contains an error message.\n        \"\"\"\n        status = response.get(\"status\", None)\n        if not status or status == ErrorCode.SUCCESS:\n            return\n        value = None\n        message = response.get(\"message\", \"\")\n        screen: str = response.get(\"screen\", \"\")\n        stacktrace = None\n        if isinstance(status, int):\n            value_json = response.get(\"value\", None)\n            if value_json and isinstance(value_json, str):\n                import json\n    \n                try:\n                    value = json.loads(value_json)\n                    if len(value) == 1:\n                        value = value[\"value\"]\n                    status = value.get(\"error\", None)\n                    if not status:\n                        status = value.get(\"status\", ErrorCode.UNKNOWN_ERROR)\n                        message = value.get(\"value\") or value.get(\"message\")\n                        if not isinstance(message, str):\n                            value = message\n                            message = message.get(\"message\")\n                    else:\n                        message = value.get(\"message\", None)\n                except ValueError:\n                    pass\n    \n        exception_class: Type[WebDriverException]\n        e = ErrorCode()\n        error_codes = [item for item in dir(e) if not item.startswith(\"__\")]\n        for error_code in error_codes:\n            error_info = getattr(ErrorCode, error_code)\n            if isinstance(error_info, list) and status in error_info:\n                exception_class = getattr(ExceptionMapping, error_code, WebDriverException)\n                break\n        else:\n            exception_class = WebDriverException\n    \n        if not value:\n            value = response[\"value\"]\n        if isinstance(value, str):\n            raise exception_class(value)\n        if message == \"\" and \"message\" in value:\n            message = value[\"message\"]\n    \n        screen = None  # type: ignore[assignment]\n        if \"screen\" in value:\n            screen = value[\"screen\"]\n    \n        stacktrace = None\n        st_value = value.get(\"stackTrace\") or value.get(\"stacktrace\")\n        if st_value:\n            if isinstance(st_value, str):\n                stacktrace = st_value.split(\"\\n\")\n            else:\n                stacktrace = []\n                try:\n                    for frame in st_value:\n                        line = frame.get(\"lineNumber\", \"\")\n                        file = frame.get(\"fileName\", \"<anonymous>\")\n                        if line:\n                            file = f\"{file}:{line}\"\n                        meth = frame.get(\"methodName\", \"<anonymous>\")\n                        if \"className\" in frame:\n                            meth = f\"{frame['className']}.{meth}\"\n                        msg = \"    at %s (%s)\"\n                        msg = msg % (meth, file)\n                        stacktrace.append(msg)\n                except TypeError:\n                    pass\n        if exception_class == UnexpectedAlertPresentException:\n            alert_text = None\n            if \"data\" in value:\n                alert_text = value[\"data\"].get(\"text\")\n            elif \"alert\" in value:\n                alert_text = value[\"alert\"].get(\"text\")\n            raise exception_class(message, screen, stacktrace, alert_text)  # type: ignore[call-arg]  # mypy is not smart enough here\n>       raise exception_class(message, screen, stacktrace)\nE       selenium.common.exceptions.NoSuchWindowException: Message: no such window: target window already closed\nE       from unknown error: web view not found\nE         (Session info: chrome=132.0.6834.160)\nE       Stacktrace:\nE       \tGetHandleVerifier [0x00BA74A3+25091]\nE       \t(No symbol) [0x00B2DC04]\nE       \t(No symbol) [0x00A0B373]\nE       \t(No symbol) [0x009ECEDB]\nE       \t(No symbol) [0x00A77FAF]\nE       \t(No symbol) [0x00A8ADC9]\nE       \t(No symbol) [0x00A71CA6]\nE       \t(No symbol) [0x00A431D5]\nE       \t(No symbol) [0x00A4435D]\nE       \tGetHandleVerifier [0x00EA07C3+3142947]\nE       \tGetHandleVerifier [0x00EB1A2B+3213195]\nE       \tGetHandleVerifier [0x00EAC412+3191154]\nE       \tGetHandleVerifier [0x00C48720+685184]\nE       \t(No symbol) [0x00B36E1D]\nE       \t(No symbol) [0x00B33E18]\nE       \t(No symbol) [0x00B33FB6]\nE       \t(No symbol) [0x00B266F0]\nE       \tBaseThreadInitThunk [0x75885D49+25]\nE       \tRtlInitializeExceptionChain [0x779CCDEB+107]\nE       \tRtlGetAppContainerNamedObjectPath [0x779CCD71+561]\n\n..\\.venv\\Lib\\site-packages\\selenium\\webdriver\\remote\\errorhandler.py:232: NoSuchWindowException"}, "steps": [{"name": "Open the login page", "status": "passed", "start": 1738944258465, "stop": 1738944260327}, {"name": "Enter credentials and login", "status": "broken", "statusDetails": {"message": "selenium.common.exceptions.NoSuchWindowException: Message: no such window: target window already closed\nfrom unknown error: web view not found\n  (Session info: chrome=132.0.6834.160)\nStacktrace:\n\tGetHandleVerifier [0x00BA74A3+25091]\n\t(No symbol) [0x00B2DC04]\n\t(No symbol) [0x00A0B373]\n\t(No symbol) [0x009ECEDB]\n\t(No symbol) [0x00A77FAF]\n\t(No symbol) [0x00A8ADC9]\n\t(No symbol) [0x00A71CA6]\n\t(No symbol) [0x00A431D5]\n\t(No symbol) [0x00A4435D]\n\tGetHandleVerifier [0x00EA07C3+3142947]\n\tGetHandleVerifier [0x00EB1A2B+3213195]\n\tGetHandleVerifier [0x00EAC412+3191154]\n\tGetHandleVerifier [0x00C48720+685184]\n\t(No symbol) [0x00B36E1D]\n\t(No symbol) [0x00B33E18]\n\t(No symbol) [0x00B33FB6]\n\t(No symbol) [0x00B266F0]\n\tBaseThreadInitThunk [0x75885D49+25]\n\tRtlInitializeExceptionChain [0x779CCDEB+107]\n\tRtlGetAppContainerNamedObjectPath [0x779CCD71+561]\n\n", "trace": "  File \"C:\\Users\\atovmasyan\\PycharmProjects\\PortfolioProject\\tests\\test_add_employee.py\", line 27, in test_add_employee\n    login_page.enter_username(\"Admin\")\n  File \"C:\\Users\\atovmasyan\\PycharmProjects\\PortfolioProject\\pages\\login_page.py\", line 17, in enter_username\n    self.enter_text(LOGIN_INPUT_FIELD, username)\n  File \"C:\\Users\\atovmasyan\\PycharmProjects\\PortfolioProject\\pages\\base_page.py\", line 24, in enter_text\n    element = self.find_element(locator, timeout)\n              ^^^^^^^^^^^^^^^^^^^^^^^^^^^^^^^^^^^\n  File \"C:\\Users\\atovmasyan\\PycharmProjects\\PortfolioProject\\pages\\base_page.py\", line 13, in find_element\n    return WebDriverWait(self.browser, timeout).until(\n           ^^^^^^^^^^^^^^^^^^^^^^^^^^^^^^^^^^^^^^^^^^^\n  File \"C:\\Users\\atovmasyan\\PycharmProjects\\PortfolioProject\\.venv\\Lib\\site-packages\\selenium\\webdriver\\support\\wait.py\", line 96, in until\n    value = method(self._driver)\n            ^^^^^^^^^^^^^^^^^^^^\n  File \"C:\\Users\\atovmasyan\\PycharmProjects\\PortfolioProject\\.venv\\Lib\\site-packages\\selenium\\webdriver\\support\\expected_conditions.py\", line 84, in _predicate\n    return driver.find_element(*locator)\n           ^^^^^^^^^^^^^^^^^^^^^^^^^^^^^\n  File \"C:\\Users\\atovmasyan\\PycharmProjects\\PortfolioProject\\.venv\\Lib\\site-packages\\selenium\\webdriver\\remote\\webdriver.py\", line 770, in find_element\n    return self.execute(Command.FIND_ELEMENT, {\"using\": by, \"value\": value})[\"value\"]\n           ^^^^^^^^^^^^^^^^^^^^^^^^^^^^^^^^^^^^^^^^^^^^^^^^^^^^^^^^^^^^^^^^^\n  File \"C:\\Users\\atovmasyan\\PycharmProjects\\PortfolioProject\\.venv\\Lib\\site-packages\\selenium\\webdriver\\remote\\webdriver.py\", line 384, in execute\n    self.error_handler.check_response(response)\n  File \"C:\\Users\\atovmasyan\\PycharmProjects\\PortfolioProject\\.venv\\Lib\\site-packages\\selenium\\webdriver\\remote\\errorhandler.py\", line 232, in check_response\n    raise exception_class(message, screen, stacktrace)\n"}, "start": 1738944260327, "stop": 1738944260328}], "start": 1738944258465, "stop": 1738944260450, "uuid": "8161a2ba-edfd-41d7-a7a1-e7abfffe57a7", "testCaseId": "59e49459bba4fa958f4def7a34252363", "fullName": "test_add_employee#test_add_employee"}