{"name": "test_add_photo", "status": "broken", "statusDetails": {"message": "selenium.common.exceptions.TimeoutException: Message: \nStacktrace:\n\tGetHandleVerifier [0x00E7D363+60275]\n\tGetHandleVerifier [0x00E7D3A4+60340]\n\t(No symbol) [0x00CB06F3]\n\t(No symbol) [0x00CF8690]\n\t(No symbol) [0x00CF8A2B]\n\t(No symbol) [0x00D40EE2]\n\t(No symbol) [0x00D1D0D4]\n\t(No symbol) [0x00D3E6EB]\n\t(No symbol) [0x00D1CE86]\n\t(No symbol) [0x00CEC623]\n\t(No symbol) [0x00CED474]\n\tGetHandleVerifier [0x010C8FE3+2467827]\n\tGetHandleVerifier [0x010C45E6+2448886]\n\tGetHandleVerifier [0x010DF80C+2560028]\n\tGetHandleVerifier [0x00E93DF5+153093]\n\tGetHandleVerifier [0x00E9A3BD+179149]\n\tGetHandleVerifier [0x00E84BB8+91080]\n\tGetHandleVerifier [0x00E84D60+91504]\n\tGetHandleVerifier [0x00E6FA10+4640]\n\tBaseThreadInitThunk [0x773B5D49+25]\n\tRtlInitializeExceptionChain [0x776BCFFB+107]\n\tRtlGetAppContainerNamedObjectPath [0x776BCF81+561]", "trace": "login = <selenium.webdriver.chrome.webdriver.WebDriver (session=\"afdfeb34f2c0773f1bb83d82108ea6cf\")>\n\n    @pytest.fixture\n    def create_employee(login):\n        # Create a new employee\n        side_bar = SideBar(login)\n        pim_page = PimPage(login)\n        add_employee_page = AddEmployeePage(login)\n    \n        side_bar.click_on_pim()\n>       pim_page.click_add_button()\n\ntests\\conftest.py:44: \n_ _ _ _ _ _ _ _ _ _ _ _ _ _ _ _ _ _ _ _ _ _ _ _ _ _ _ _ _ _ _ _ _ _ _ _ _ _ _ _ _ _ _ _ _ _ _ _ _ _ _ _ _ _ _ _ _ _ _ _ _ _ _ _ _ _ _ _ _ _ _ _ _ _ _ _ _ _ _ _ \npages\\pim_page.py:12: in click_add_button\n    self.click_element(ADD_BUTTON)\npages\\base_page.py:18: in click_element\n    self.find_element(locator).click()\npages\\base_page.py:15: in find_element\n    return self.wait.until(EC.visibility_of_element_located(locator))\n_ _ _ _ _ _ _ _ _ _ _ _ _ _ _ _ _ _ _ _ _ _ _ _ _ _ _ _ _ _ _ _ _ _ _ _ _ _ _ _ _ _ _ _ _ _ _ _ _ _ _ _ _ _ _ _ _ _ _ _ _ _ _ _ _ _ _ _ _ _ _ _ _ _ _ _ _ _ _ _ \n\nself = <selenium.webdriver.support.wait.WebDriverWait (session=\"afdfeb34f2c0773f1bb83d82108ea6cf\")>\nmethod = <function visibility_of_element_located.<locals>._predicate at 0x0000022C9BDC7880>, message = ''\n\n    def until(self, method: Callable[[D], Union[Literal[False], T]], message: str = \"\") -> T:\n        \"\"\"Calls the method provided with the driver as an argument until the \\\n        return value does not evaluate to ``False``.\n    \n        :param method: callable(WebDriver)\n        :param message: optional message for :exc:`TimeoutException`\n        :returns: the result of the last call to `method`\n        :raises: :exc:`selenium.common.exceptions.TimeoutException` if timeout occurs\n        \"\"\"\n        screen = None\n        stacktrace = None\n    \n        end_time = time.monotonic() + self._timeout\n        while True:\n            try:\n                value = method(self._driver)\n                if value:\n                    return value\n            except self._ignored_exceptions as exc:\n                screen = getattr(exc, \"screen\", None)\n                stacktrace = getattr(exc, \"stacktrace\", None)\n            if time.monotonic() > end_time:\n                break\n            time.sleep(self._poll)\n>       raise TimeoutException(message, screen, stacktrace)\nE       selenium.common.exceptions.TimeoutException: Message: \nE       Stacktrace:\nE       \tGetHandleVerifier [0x00E7D363+60275]\nE       \tGetHandleVerifier [0x00E7D3A4+60340]\nE       \t(No symbol) [0x00CB06F3]\nE       \t(No symbol) [0x00CF8690]\nE       \t(No symbol) [0x00CF8A2B]\nE       \t(No symbol) [0x00D40EE2]\nE       \t(No symbol) [0x00D1D0D4]\nE       \t(No symbol) [0x00D3E6EB]\nE       \t(No symbol) [0x00D1CE86]\nE       \t(No symbol) [0x00CEC623]\nE       \t(No symbol) [0x00CED474]\nE       \tGetHandleVerifier [0x010C8FE3+2467827]\nE       \tGetHandleVerifier [0x010C45E6+2448886]\nE       \tGetHandleVerifier [0x010DF80C+2560028]\nE       \tGetHandleVerifier [0x00E93DF5+153093]\nE       \tGetHandleVerifier [0x00E9A3BD+179149]\nE       \tGetHandleVerifier [0x00E84BB8+91080]\nE       \tGetHandleVerifier [0x00E84D60+91504]\nE       \tGetHandleVerifier [0x00E6FA10+4640]\nE       \tBaseThreadInitThunk [0x773B5D49+25]\nE       \tRtlInitializeExceptionChain [0x776BCFFB+107]\nE       \tRtlGetAppContainerNamedObjectPath [0x776BCF81+561]\n\n..\\..\\PortfolioProject\\.venv\\PortfolioProject\\Lib\\site-packages\\selenium\\webdriver\\support\\wait.py:105: TimeoutException"}, "start": 1746631509705, "stop": 1746631509705, "uuid": "245ae56b-0727-43fe-9ead-2d0094d28903", "historyId": "2df49edd3ed9b5812b49146229efd65e", "testCaseId": "2df49edd3ed9b5812b49146229efd65e", "fullName": "tests.test_add_photo#test_add_photo", "labels": [{"name": "severity", "value": "normal"}, {"name": "story", "value": "Add Employee Photo"}, {"name": "feature", "value": "Employee Management"}, {"name": "parentSuite", "value": "tests"}, {"name": "suite", "value": "test_add_photo"}, {"name": "host", "value": "DESKTOP-B3OP8E2"}, {"name": "thread", "value": "14352-MainThread"}, {"name": "framework", "value": "pytest"}, {"name": "language", "value": "cpython3"}, {"name": "package", "value": "tests.test_add_photo"}]}