{"name": "test_add_photo", "status": "broken", "statusDetails": {"message": "selenium.common.exceptions.InvalidArgumentException: Message: invalid argument: File not found : man-with-beard-avatar-character-isolated-icon-free-vector.jpg\n  (Session info: chrome=132.0.6834.160)\nStacktrace:\n\tGetHandleVerifier [0x00BA74A3+25091]\n\t(No symbol) [0x00B2DC04]\n\t(No symbol) [0x00A0B373]\n\t(No symbol) [0x00A48E89]\n\t(No symbol) [0x00A71F0C]\n\t(No symbol) [0x00A44E44]\n\t(No symbol) [0x00A721A4]\n\t(No symbol) [0x00A8B49E]\n\t(No symbol) [0x00A71CA6]\n\t(No symbol) [0x00A431D5]\n\t(No symbol) [0x00A4435D]\n\tGetHandleVerifier [0x00EA07C3+3142947]\n\tGetHandleVerifier [0x00EB1A2B+3213195]\n\tGetHandleVerifier [0x00EAC412+3191154]\n\tGetHandleVerifier [0x00C48720+685184]\n\t(No symbol) [0x00B36E1D]\n\t(No symbol) [0x00B33E18]\n\t(No symbol) [0x00B33FB6]\n\t(No symbol) [0x00B266F0]\n\tBaseThreadInitThunk [0x75885D49+25]\n\tRtlInitializeExceptionChain [0x779CCDEB+107]\n\tRtlGetAppContainerNamedObjectPath [0x779CCD71+561]", "trace": "browser = <selenium.webdriver.chrome.webdriver.WebDriver (session=\"4cd1a3cb66be426454eb0141d9f64b40\")>\n\n    @allure.feature(\"Personal Details\")\n    @allure.story(\"Add Photo\")\n    @allure.severity(allure.severity_level.CRITICAL)\n    def test_add_photo(browser):\n        personal_details_page = PersonalDetailsPage(browser)\n        login_page = LoginPage(browser)\n        employee_list_page = EmployeeListPage(browser)\n        pim_page = PimPage(browser)\n        side_bar = SideBar(browser)\n    \n        with allure.step(\"Open the login page\"):\n            login_page.open()\n            login_page.enter_username(\"Admin\")\n            login_page.enter_password(\"admin123\")\n            login_page.click_login_button()\n        with allure.step(\"Navigate to Employee List\"):\n            side_bar.click_on_pim()\n        with allure.step(\"Select an employee\"):\n            employee_list_page.enter_employee_id(employee_id)\n            employee_list_page.click_search_button()\n            employee_list_page.click_on_employee(employee_id)\n            time.sleep(5)\n    \n        with allure.step(\"click on the photo\"):\n            personal_details_page.click_profile_picture()\n        with allure.step(\"Upload a photo\"):\n>           personal_details_page.upload_profile_picture(\"man-with-beard-avatar-character-isolated-icon-free-vector.jpg\")\n\ntests\\test_add_photo.py:39: \n_ _ _ _ _ _ _ _ _ _ _ _ _ _ _ _ _ _ _ _ _ _ _ _ _ _ _ _ _ _ _ _ _ _ _ _ _ _ _ _ _ _ _ _ _ _ _ _ _ _ _ _ _ _ _ _ _ _ _ _ _ _ _ _ _ _ _ _ _ _ _ _ _ _ _ _ _ _ _ _ _ _ _ _ _ _ _ _ _ _ _ _ _ _ _ _ _ _ _ _ _ _ _ _ _ _ _ _ _ _ _ _ _ _\npages\\personal_details_page.py:26: in upload_profile_picture\n    self.upload_file(INPUT_FILE_LOCATOR, file_path)\npages\\base_page.py:58: in upload_file\n    element.send_keys(file_path)\n.venv\\Lib\\site-packages\\selenium\\webdriver\\remote\\webelement.py:238: in send_keys\n    self._execute(\n.venv\\Lib\\site-packages\\selenium\\webdriver\\remote\\webelement.py:402: in _execute\n    return self._parent.execute(command, params)\n.venv\\Lib\\site-packages\\selenium\\webdriver\\remote\\webdriver.py:384: in execute\n    self.error_handler.check_response(response)\n_ _ _ _ _ _ _ _ _ _ _ _ _ _ _ _ _ _ _ _ _ _ _ _ _ _ _ _ _ _ _ _ _ _ _ _ _ _ _ _ _ _ _ _ _ _ _ _ _ _ _ _ _ _ _ _ _ _ _ _ _ _ _ _ _ _ _ _ _ _ _ _ _ _ _ _ _ _ _ _ _ _ _ _ _ _ _ _ _ _ _ _ _ _ _ _ _ _ _ _ _ _ _ _ _ _ _ _ _ _ _ _ _ _\n\nself = <selenium.webdriver.remote.errorhandler.ErrorHandler object at 0x0000016CD7D0B020>\nresponse = {'status': 400, 'value': '{\"value\":{\"error\":\"invalid argument\",\"message\":\"invalid argument: File not found : man-with-...9+25]\\\\n\\\\tRtlInitializeExceptionChain [0x779CCDEB+107]\\\\n\\\\tRtlGetAppContainerNamedObjectPath [0x779CCD71+561]\\\\n\"}}'}\n\n    def check_response(self, response: Dict[str, Any]) -> None:\n        \"\"\"Checks that a JSON response from the WebDriver does not have an\n        error.\n    \n        :Args:\n         - response - The JSON response from the WebDriver server as a dictionary\n           object.\n    \n        :Raises: If the response contains an error message.\n        \"\"\"\n        status = response.get(\"status\", None)\n        if not status or status == ErrorCode.SUCCESS:\n            return\n        value = None\n        message = response.get(\"message\", \"\")\n        screen: str = response.get(\"screen\", \"\")\n        stacktrace = None\n        if isinstance(status, int):\n            value_json = response.get(\"value\", None)\n            if value_json and isinstance(value_json, str):\n                import json\n    \n                try:\n                    value = json.loads(value_json)\n                    if len(value) == 1:\n                        value = value[\"value\"]\n                    status = value.get(\"error\", None)\n                    if not status:\n                        status = value.get(\"status\", ErrorCode.UNKNOWN_ERROR)\n                        message = value.get(\"value\") or value.get(\"message\")\n                        if not isinstance(message, str):\n                            value = message\n                            message = message.get(\"message\")\n                    else:\n                        message = value.get(\"message\", None)\n                except ValueError:\n                    pass\n    \n        exception_class: Type[WebDriverException]\n        e = ErrorCode()\n        error_codes = [item for item in dir(e) if not item.startswith(\"__\")]\n        for error_code in error_codes:\n            error_info = getattr(ErrorCode, error_code)\n            if isinstance(error_info, list) and status in error_info:\n                exception_class = getattr(ExceptionMapping, error_code, WebDriverException)\n                break\n        else:\n            exception_class = WebDriverException\n    \n        if not value:\n            value = response[\"value\"]\n        if isinstance(value, str):\n            raise exception_class(value)\n        if message == \"\" and \"message\" in value:\n            message = value[\"message\"]\n    \n        screen = None  # type: ignore[assignment]\n        if \"screen\" in value:\n            screen = value[\"screen\"]\n    \n        stacktrace = None\n        st_value = value.get(\"stackTrace\") or value.get(\"stacktrace\")\n        if st_value:\n            if isinstance(st_value, str):\n                stacktrace = st_value.split(\"\\n\")\n            else:\n                stacktrace = []\n                try:\n                    for frame in st_value:\n                        line = frame.get(\"lineNumber\", \"\")\n                        file = frame.get(\"fileName\", \"<anonymous>\")\n                        if line:\n                            file = f\"{file}:{line}\"\n                        meth = frame.get(\"methodName\", \"<anonymous>\")\n                        if \"className\" in frame:\n                            meth = f\"{frame['className']}.{meth}\"\n                        msg = \"    at %s (%s)\"\n                        msg = msg % (meth, file)\n                        stacktrace.append(msg)\n                except TypeError:\n                    pass\n        if exception_class == UnexpectedAlertPresentException:\n            alert_text = None\n            if \"data\" in value:\n                alert_text = value[\"data\"].get(\"text\")\n            elif \"alert\" in value:\n                alert_text = value[\"alert\"].get(\"text\")\n            raise exception_class(message, screen, stacktrace, alert_text)  # type: ignore[call-arg]  # mypy is not smart enough here\n>       raise exception_class(message, screen, stacktrace)\nE       selenium.common.exceptions.InvalidArgumentException: Message: invalid argument: File not found : man-with-beard-avatar-character-isolated-icon-free-vector.jpg\nE         (Session info: chrome=132.0.6834.160)\nE       Stacktrace:\nE       \tGetHandleVerifier [0x00BA74A3+25091]\nE       \t(No symbol) [0x00B2DC04]\nE       \t(No symbol) [0x00A0B373]\nE       \t(No symbol) [0x00A48E89]\nE       \t(No symbol) [0x00A71F0C]\nE       \t(No symbol) [0x00A44E44]\nE       \t(No symbol) [0x00A721A4]\nE       \t(No symbol) [0x00A8B49E]\nE       \t(No symbol) [0x00A71CA6]\nE       \t(No symbol) [0x00A431D5]\nE       \t(No symbol) [0x00A4435D]\nE       \tGetHandleVerifier [0x00EA07C3+3142947]\nE       \tGetHandleVerifier [0x00EB1A2B+3213195]\nE       \tGetHandleVerifier [0x00EAC412+3191154]\nE       \tGetHandleVerifier [0x00C48720+685184]\nE       \t(No symbol) [0x00B36E1D]\nE       \t(No symbol) [0x00B33E18]\nE       \t(No symbol) [0x00B33FB6]\nE       \t(No symbol) [0x00B266F0]\nE       \tBaseThreadInitThunk [0x75885D49+25]\nE       \tRtlInitializeExceptionChain [0x779CCDEB+107]\nE       \tRtlGetAppContainerNamedObjectPath [0x779CCD71+561]\n\n.venv\\Lib\\site-packages\\selenium\\webdriver\\remote\\errorhandler.py:232: InvalidArgumentException"}, "steps": [{"name": "Open the login page", "status": "passed", "start": 1738944733471, "stop": 1738944759621}, {"name": "Navigate to Employee List", "status": "passed", "start": 1738944759621, "stop": 1738944761188}, {"name": "Select an employee", "status": "passed", "start": 1738944761188, "stop": 1738944769410}, {"name": "click on the photo", "status": "passed", "start": 1738944769410, "stop": 1738944769915}, {"name": "Upload a photo", "status": "broken", "statusDetails": {"message": "selenium.common.exceptions.InvalidArgumentException: Message: invalid argument: File not found : man-with-beard-avatar-character-isolated-icon-free-vector.jpg\n  (Session info: chrome=132.0.6834.160)\nStacktrace:\n\tGetHandleVerifier [0x00BA74A3+25091]\n\t(No symbol) [0x00B2DC04]\n\t(No symbol) [0x00A0B373]\n\t(No symbol) [0x00A48E89]\n\t(No symbol) [0x00A71F0C]\n\t(No symbol) [0x00A44E44]\n\t(No symbol) [0x00A721A4]\n\t(No symbol) [0x00A8B49E]\n\t(No symbol) [0x00A71CA6]\n\t(No symbol) [0x00A431D5]\n\t(No symbol) [0x00A4435D]\n\tGetHandleVerifier [0x00EA07C3+3142947]\n\tGetHandleVerifier [0x00EB1A2B+3213195]\n\tGetHandleVerifier [0x00EAC412+3191154]\n\tGetHandleVerifier [0x00C48720+685184]\n\t(No symbol) [0x00B36E1D]\n\t(No symbol) [0x00B33E18]\n\t(No symbol) [0x00B33FB6]\n\t(No symbol) [0x00B266F0]\n\tBaseThreadInitThunk [0x75885D49+25]\n\tRtlInitializeExceptionChain [0x779CCDEB+107]\n\tRtlGetAppContainerNamedObjectPath [0x779CCD71+561]\n\n", "trace": "  File \"C:\\Users\\atovmasyan\\PycharmProjects\\PortfolioProject\\tests\\test_add_photo.py\", line 39, in test_add_photo\n    personal_details_page.upload_profile_picture(\"man-with-beard-avatar-character-isolated-icon-free-vector.jpg\")\n  File \"C:\\Users\\atovmasyan\\PycharmProjects\\PortfolioProject\\pages\\personal_details_page.py\", line 26, in upload_profile_picture\n    self.upload_file(INPUT_FILE_LOCATOR, file_path)\n  File \"C:\\Users\\atovmasyan\\PycharmProjects\\PortfolioProject\\pages\\base_page.py\", line 58, in upload_file\n    element.send_keys(file_path)\n  File \"C:\\Users\\atovmasyan\\PycharmProjects\\PortfolioProject\\.venv\\Lib\\site-packages\\selenium\\webdriver\\remote\\webelement.py\", line 238, in send_keys\n    self._execute(\n  File \"C:\\Users\\atovmasyan\\PycharmProjects\\PortfolioProject\\.venv\\Lib\\site-packages\\selenium\\webdriver\\remote\\webelement.py\", line 402, in _execute\n    return self._parent.execute(command, params)\n           ^^^^^^^^^^^^^^^^^^^^^^^^^^^^^^^^^^^^^\n  File \"C:\\Users\\atovmasyan\\PycharmProjects\\PortfolioProject\\.venv\\Lib\\site-packages\\selenium\\webdriver\\remote\\webdriver.py\", line 384, in execute\n    self.error_handler.check_response(response)\n  File \"C:\\Users\\atovmasyan\\PycharmProjects\\PortfolioProject\\.venv\\Lib\\site-packages\\selenium\\webdriver\\remote\\errorhandler.py\", line 232, in check_response\n    raise exception_class(message, screen, stacktrace)\n"}, "start": 1738944769915, "stop": 1738944770500}], "attachments": [{"name": "screenshot", "source": "7697d2cb-f2fd-4277-b056-0cf112e83b74-attachment.png", "type": "image/png"}], "start": 1738944733471, "stop": 1738944770503, "uuid": "de5b2cf1-c553-415d-9f8a-5e7757ab83f5", "historyId": "2df49edd3ed9b5812b49146229efd65e", "testCaseId": "2df49edd3ed9b5812b49146229efd65e", "fullName": "tests.test_add_photo#test_add_photo", "labels": [{"name": "feature", "value": "Personal Details"}, {"name": "story", "value": "Add Photo"}, {"name": "severity", "value": "critical"}, {"name": "parentSuite", "value": "tests"}, {"name": "suite", "value": "test_add_photo"}, {"name": "host", "value": "DESKTOP-B3OP8E2"}, {"name": "thread", "value": "24568-MainThread"}, {"name": "framework", "value": "pytest"}, {"name": "language", "value": "cpython3"}, {"name": "package", "value": "tests.test_add_photo"}]}